[debug] [2021-04-09T19:11:20.421Z] ----------------------------------------------------------------------
[debug] [2021-04-09T19:11:20.425Z] Command:       C:\Program Files\nodejs\node.exe C:\Users\saite\AppData\Roaming\npm\node_modules\firebase-tools\lib\bin\firebase.js init sample-commerce-6c77d
[debug] [2021-04-09T19:11:20.426Z] CLI Version:   9.9.0
[debug] [2021-04-09T19:11:20.426Z] Platform:      win32
[debug] [2021-04-09T19:11:20.426Z] Node Version:  v15.5.0
[debug] [2021-04-09T19:11:20.426Z] Time:          Sat Apr 10 2021 00:41:20 GMT+0530 (India Standard Time)
[debug] [2021-04-09T19:11:20.427Z] ----------------------------------------------------------------------
[debug] 
[debug] [2021-04-09T19:11:20.434Z] > command requires scopes: ["email","openid","https://www.googleapis.com/auth/cloudplatformprojects.readonly","https://www.googleapis.com/auth/firebase","https://www.googleapis.com/auth/cloud-platform"]
[debug] [2021-04-09T19:11:20.434Z] > authorizing via signed-in user (parimzatechsolutions@gmail.com)
[info] 
     ######## #### ########  ######## ########     ###     ######  ########
     ##        ##  ##     ## ##       ##     ##  ##   ##  ##       ##
     ######    ##  ########  ######   ########  #########  ######  ######
     ##        ##  ##    ##  ##       ##     ## ##     ##       ## ##
     ##       #### ##     ## ######## ########  ##     ##  ######  ########

You're about to initialize a Firebase project in this directory:

  C:\Users\saite\Downloads\PARIMZA-master\PARIMZA-master

Before we get started, keep in mind:

  * You are initializing in an existing Firebase project directory

[info] 
=== Project Setup
[info] 
[info] First, let's associate this project directory with a Firebase project.
[info] You can create multiple project aliases by running firebase use --add, 
[info] but for now we'll just set up a default project.
[info] 
[info] i  .firebaserc already has a default project, using greenfield-7a4f5. 
[debug] [2021-04-09T19:11:23.011Z] >>> [apiv2][query] GET https://firebase.googleapis.com/v1beta1/projects/greenfield-7a4f5 [none]
[debug] [2021-04-09T19:11:23.884Z] <<< [apiv2][status] GET https://firebase.googleapis.com/v1beta1/projects/greenfield-7a4f5 403
[debug] [2021-04-09T19:11:23.885Z] <<< [apiv2][body] GET https://firebase.googleapis.com/v1beta1/projects/greenfield-7a4f5 {"error":{"code":403,"message":"The caller does not have permission","status":"PERMISSION_DENIED"}}
[debug] [2021-04-09T19:11:23.887Z] HTTP Error: 403, The caller does not have permission
[debug] [2021-04-09T19:11:24.227Z] FirebaseError: HTTP Error: 403, The caller does not have permission
    at module.exports (C:\Users\saite\AppData\Roaming\npm\node_modules\firebase-tools\lib\responseToError.js:38:12)
    at Client.doRequest (C:\Users\saite\AppData\Roaming\npm\node_modules\firebase-tools\lib\apiv2.js:238:23)
    at processTicksAndRejections (node:internal/process/task_queues:93:5)
    at async Client.request (C:\Users\saite\AppData\Roaming\npm\node_modules\firebase-tools\lib\apiv2.js:96:20)
    at async Object.getFirebaseProject (C:\Users\saite\AppData\Roaming\npm\node_modules\firebase-tools\lib\management\projects.js:290:21)
    at async Object.doSetup [as project] (C:\Users\saite\AppData\Roaming\npm\node_modules\firebase-tools\lib\init\features\project.js:77:27)
    at async init (C:\Users\saite\AppData\Roaming\npm\node_modules\firebase-tools\lib\init\index.js:19:9)
[error] 
[error] Error: Failed to get Firebase project greenfield-7a4f5. Please make sure the project exists and your account has permission to access it.
